c:\users\pazlevi zalmanovich\downloads\first (6)\first\first\debug\vc142.pdb
c:\users\pazlevi zalmanovich\downloads\first (6)\first\first\debug\vc142.idb
c:\users\pazlevi zalmanovich\downloads\first (6)\first\first\debug\room.obj
c:\users\pazlevi zalmanovich\downloads\first (6)\first\first\debug\point2d.obj
c:\users\pazlevi zalmanovich\downloads\first (6)\first\first\debug\player.obj
c:\users\pazlevi zalmanovich\downloads\first (6)\first\first\debug\node.obj
c:\users\pazlevi zalmanovich\downloads\first (6)\first\first\debug\main.obj
c:\users\pazlevi zalmanovich\downloads\first (6)\first\first\debug\granade.obj
c:\users\pazlevi zalmanovich\downloads\first (6)\first\first\debug\comparenodesother.obj
c:\users\pazlevi zalmanovich\downloads\first (6)\first\first\debug\comparenodes.obj
c:\users\pazlevi zalmanovich\downloads\first (6)\first\first\debug\bullet.obj
c:\users\pazlevi zalmanovich\downloads\first (6)\first\debug\first.exe
c:\users\pazlevi zalmanovich\downloads\first (6)\first\debug\first.ilk
c:\users\pazlevi zalmanovich\downloads\first (6)\first\debug\first.pdb
c:\users\pazlevi zalmanovich\downloads\first (6)\first\first\debug\first.tlog\cl.command.1.tlog
c:\users\pazlevi zalmanovich\downloads\first (6)\first\first\debug\first.tlog\cl.read.1.tlog
c:\users\pazlevi zalmanovich\downloads\first (6)\first\first\debug\first.tlog\cl.write.1.tlog
c:\users\pazlevi zalmanovich\downloads\first (6)\first\first\debug\first.tlog\link.command.1.tlog
c:\users\pazlevi zalmanovich\downloads\first (6)\first\first\debug\first.tlog\link.read.1.tlog
c:\users\pazlevi zalmanovich\downloads\first (6)\first\first\debug\first.tlog\link.write.1.tlog
